-------------------------------------------------------------------------------
Test set: com.bbc.TestRunner
-------------------------------------------------------------------------------
Tests run: 3, Failures: 0, Errors: 3, Skipped: 0, Time elapsed: 0.969 sec <<< FAILURE!
Verify Easiest team in premium league based on team(Verification of Fixtures)  Time elapsed: 0.11 sec  <<< ERROR!
java.lang.IllegalStateException: The driver executable does not exist: C:\Drive-D\QA_Projects\Selenium-BDD-Cucumber\null\browser-drivers\chromedriver.exe
	at com.google.common.base.Preconditions.checkState(Preconditions.java:585)
	at org.openqa.selenium.remote.service.DriverService.checkExecutable(DriverService.java:146)
	at org.openqa.selenium.remote.service.DriverService.findExecutable(DriverService.java:141)
	at org.openqa.selenium.chrome.ChromeDriverService.access$000(ChromeDriverService.java:35)
	at org.openqa.selenium.chrome.ChromeDriverService$Builder.findDefaultExecutable(ChromeDriverService.java:159)
	at org.openqa.selenium.remote.service.DriverService$Builder.build(DriverService.java:355)
	at org.openqa.selenium.chrome.ChromeDriverService.createDefaultService(ChromeDriverService.java:94)
	at org.openqa.selenium.chrome.ChromeDriver.<init>(ChromeDriver.java:157)
	at com.bbc.utils.BasePage.getRemoteDriverDynamic(BasePage.java:24)
	at com.bbc.pages.BbcHomePage.navigateToUrl(BbcHomePage.java:21)
	at com.bbc.steps.BBCSteps.navigateToBBCSportsPage(BBCSteps.java:16)
	at ?.Navigate to BBC sports page(src/test/resources/features/BBC Exercise.feature:4)

Verify Easiest team in premium league based on teams(Verification of Fixtures)  Time elapsed: 0.002 sec  <<< ERROR!
java.lang.IllegalStateException: The driver executable does not exist: C:\Drive-D\QA_Projects\Selenium-BDD-Cucumber\null\browser-drivers\chromedriver.exe
	at com.google.common.base.Preconditions.checkState(Preconditions.java:585)
	at org.openqa.selenium.remote.service.DriverService.checkExecutable(DriverService.java:146)
	at org.openqa.selenium.remote.service.DriverService.findExecutable(DriverService.java:141)
	at org.openqa.selenium.chrome.ChromeDriverService.access$000(ChromeDriverService.java:35)
	at org.openqa.selenium.chrome.ChromeDriverService$Builder.findDefaultExecutable(ChromeDriverService.java:159)
	at org.openqa.selenium.remote.service.DriverService$Builder.build(DriverService.java:355)
	at org.openqa.selenium.chrome.ChromeDriverService.createDefaultService(ChromeDriverService.java:94)
	at org.openqa.selenium.chrome.ChromeDriver.<init>(ChromeDriver.java:157)
	at com.bbc.utils.BasePage.getRemoteDriverDynamic(BasePage.java:24)
	at com.bbc.pages.BbcHomePage.navigateToUrl(BbcHomePage.java:21)
	at com.bbc.steps.BBCSteps.navigateToBBCSportsPage(BBCSteps.java:16)
	at ?.Navigate to BBC sports page(src/test/resources/features/BBC Exercise.feature:4)

Verify Easiest team in premium league based on teams(Verification of Fixtures)  Time elapsed: 0.008 sec  <<< ERROR!
java.lang.IllegalStateException: The driver executable does not exist: C:\Drive-D\QA_Projects\Selenium-BDD-Cucumber\null\browser-drivers\chromedriver.exe
	at com.google.common.base.Preconditions.checkState(Preconditions.java:585)
	at org.openqa.selenium.remote.service.DriverService.checkExecutable(DriverService.java:146)
	at org.openqa.selenium.remote.service.DriverService.findExecutable(DriverService.java:141)
	at org.openqa.selenium.chrome.ChromeDriverService.access$000(ChromeDriverService.java:35)
	at org.openqa.selenium.chrome.ChromeDriverService$Builder.findDefaultExecutable(ChromeDriverService.java:159)
	at org.openqa.selenium.remote.service.DriverService$Builder.build(DriverService.java:355)
	at org.openqa.selenium.chrome.ChromeDriverService.createDefaultService(ChromeDriverService.java:94)
	at org.openqa.selenium.chrome.ChromeDriver.<init>(ChromeDriver.java:157)
	at com.bbc.utils.BasePage.getRemoteDriverDynamic(BasePage.java:24)
	at com.bbc.pages.BbcHomePage.navigateToUrl(BbcHomePage.java:21)
	at com.bbc.steps.BBCSteps.navigateToBBCSportsPage(BBCSteps.java:16)
	at ?.Navigate to BBC sports page(src/test/resources/features/BBC Exercise.feature:4)

