<?xml version="1.0" encoding="UTF-8" ?>
<testsuite tests="3" failures="0" name="com.bbc.TestRunner" time="0.12" errors="3" skipped="0">
  <properties>
[...]
</properties>
  <testcase classname="Verification of Fixtures" name="Verify Easiest team in premium league based on team" time="0.11">
    <error message="The driver executable does not exist: C:\Drive-D\QA_Projects\Selenium-BDD-Cucumber\null\browser-drivers\chromedriver.exe" type="java.lang.IllegalStateException">java.lang.IllegalStateException: The driver executable does not exist: C:\Drive-D\QA_Projects\Selenium-BDD-Cucumber\null\browser-drivers\chromedriver.exe
	at com.google.common.base.Preconditions.checkState(Preconditions.java:585)
	at org.openqa.selenium.remote.service.DriverService.checkExecutable(DriverService.java:146)
	at org.openqa.selenium.remote.service.DriverService.findExecutable(DriverService.java:141)
	at org.openqa.selenium.chrome.ChromeDriverService.access$000(ChromeDriverService.java:35)
	at org.openqa.selenium.chrome.ChromeDriverService$Builder.findDefaultExecutable(ChromeDriverService.java:159)
	at org.openqa.selenium.remote.service.DriverService$Builder.build(DriverService.java:355)
	at org.openqa.selenium.chrome.ChromeDriverService.createDefaultService(ChromeDriverService.java:94)
	at org.openqa.selenium.chrome.ChromeDriver.&lt;init&gt;(ChromeDriver.java:157)
	at com.bbc.utils.BasePage.getRemoteDriverDynamic(BasePage.java:24)
	at com.bbc.pages.BbcHomePage.navigateToUrl(BbcHomePage.java:21)
	at com.bbc.steps.BBCSteps.navigateToBBCSportsPage(BBCSteps.java:16)
	at ✽.Navigate to BBC sports page(src/test/resources/features/BBC Exercise.feature:4)
</error>
  </testcase>
  <testcase classname="Verification of Fixtures" name="Verify Easiest team in premium league based on teams" time="0.002">
    <error message="The driver executable does not exist: C:\Drive-D\QA_Projects\Selenium-BDD-Cucumber\null\browser-drivers\chromedriver.exe" type="java.lang.IllegalStateException">java.lang.IllegalStateException: The driver executable does not exist: C:\Drive-D\QA_Projects\Selenium-BDD-Cucumber\null\browser-drivers\chromedriver.exe
	at com.google.common.base.Preconditions.checkState(Preconditions.java:585)
	at org.openqa.selenium.remote.service.DriverService.checkExecutable(DriverService.java:146)
	at org.openqa.selenium.remote.service.DriverService.findExecutable(DriverService.java:141)
	at org.openqa.selenium.chrome.ChromeDriverService.access$000(ChromeDriverService.java:35)
	at org.openqa.selenium.chrome.ChromeDriverService$Builder.findDefaultExecutable(ChromeDriverService.java:159)
	at org.openqa.selenium.remote.service.DriverService$Builder.build(DriverService.java:355)
	at org.openqa.selenium.chrome.ChromeDriverService.createDefaultService(ChromeDriverService.java:94)
	at org.openqa.selenium.chrome.ChromeDriver.&lt;init&gt;(ChromeDriver.java:157)
	at com.bbc.utils.BasePage.getRemoteDriverDynamic(BasePage.java:24)
	at com.bbc.pages.BbcHomePage.navigateToUrl(BbcHomePage.java:21)
	at com.bbc.steps.BBCSteps.navigateToBBCSportsPage(BBCSteps.java:16)
	at ✽.Navigate to BBC sports page(src/test/resources/features/BBC Exercise.feature:4)
</error>
  </testcase>
  <testcase classname="Verification of Fixtures" name="Verify Easiest team in premium league based on teams" time="0.008">
    <error message="The driver executable does not exist: C:\Drive-D\QA_Projects\Selenium-BDD-Cucumber\null\browser-drivers\chromedriver.exe" type="java.lang.IllegalStateException">java.lang.IllegalStateException: The driver executable does not exist: C:\Drive-D\QA_Projects\Selenium-BDD-Cucumber\null\browser-drivers\chromedriver.exe
	at com.google.common.base.Preconditions.checkState(Preconditions.java:585)
	at org.openqa.selenium.remote.service.DriverService.checkExecutable(DriverService.java:146)
	at org.openqa.selenium.remote.service.DriverService.findExecutable(DriverService.java:141)
	at org.openqa.selenium.chrome.ChromeDriverService.access$000(ChromeDriverService.java:35)
	at org.openqa.selenium.chrome.ChromeDriverService$Builder.findDefaultExecutable(ChromeDriverService.java:159)
	at org.openqa.selenium.remote.service.DriverService$Builder.build(DriverService.java:355)
	at org.openqa.selenium.chrome.ChromeDriverService.createDefaultService(ChromeDriverService.java:94)
	at org.openqa.selenium.chrome.ChromeDriver.&lt;init&gt;(ChromeDriver.java:157)
	at com.bbc.utils.BasePage.getRemoteDriverDynamic(BasePage.java:24)
	at com.bbc.pages.BbcHomePage.navigateToUrl(BbcHomePage.java:21)
	at com.bbc.steps.BBCSteps.navigateToBBCSportsPage(BBCSteps.java:16)
	at ✽.Navigate to BBC sports page(src/test/resources/features/BBC Exercise.feature:4)
</error>
  </testcase>
</testsuite>